<?xml version="1.0" encoding="utf-8"?>
<testsuites>
    <testsuite name="pytest" errors="0" failures="0" skipped="0" tests="1" time="0.193">
        <testcase classname="tests.test_repcon" name="test_example" time="0.005" />
    </testsuite>
</testsuites>
